<?xml version="1.0" encoding="UTF-8"?>
<testng-results ignored="0" total="1" passed="1" failed="0" skipped="0">
  <reporter-output>
  </reporter-output>
  <suite started-at="2022-12-20T23:02:34 IST" name="Suite" finished-at="2022-12-20T23:03:32 IST" duration-ms="57668">
    <groups>
    </groups>
    <test started-at="2022-12-20T23:02:34 IST" name="Test" finished-at="2022-12-20T23:03:32 IST" duration-ms="57668">
      <class name="com.flipkart.topOffer.FlipkartFetchTopoffer10perOff">
        <test-method signature="fetchPrice()[pri:0, instance:com.flipkart.topOffer.FlipkartFetchTopoffer10perOff@1cbb87f3]" started-at="2022-12-20T23:02:34 IST" name="fetchPrice" finished-at="2022-12-20T23:03:32 IST" duration-ms="57634" status="PASS">
          <reporter-output>
          </reporter-output>
        </test-method> <!-- fetchPrice -->
      </class> <!-- com.flipkart.topOffer.FlipkartFetchTopoffer10perOff -->
    </test> <!-- Test -->
  </suite> <!-- Suite -->
</testng-results>
